2024-09-20 13:25:32,447 [INFO] Activator:177 - 


2024-09-20 13:25:32,447 [INFO] Activator:178 - !SESSION log4j initialized
2024-09-20 13:25:37,509 [INFO] McuFinderGlobals:39 - Set McuFinder mode to 2 (CubeIDE integrated)
2024-09-20 13:25:39,476 [INFO] ApplicationProperties:181 - Using Application install path: C:\Users\84388\STM32CubeIDE_1.7.0\STM32CubeIDE\plugins\com.st.stm32cube.common.mx_6.3.0.202107141111
2024-09-20 13:25:39,490 [INFO] DbMcusXml:74 - Set database path to: C:\Users\84388\STM32CubeIDE_1.7.0\STM32CubeIDE\plugins\com.st.stm32cube.common.mx_6.3.0.202107141111\\db\/mcu/
2024-09-20 13:25:39,496 [INFO] DbBoardsPdsc:56 - Set plugin database path to: C:\Users\84388\STM32CubeIDE_1.7.0\STM32CubeIDE\plugins\com.st.stm32cube.common.mx_6.3.0.202107141111\\db\/plugins/boardmanager/
2024-09-20 13:25:39,496 [INFO] DbMcus:258 - Set plugin images path to: C:\Users\84388\STM32CubeIDE_1.7.0\STM32CubeIDE\plugins\com.st.stm32cube.common.mx_6.3.0.202107141111\\db\/plugins/mcufinder/images/
2024-09-20 13:25:39,496 [INFO] DbBoards:264 - Set plugin images path to: C:\Users\84388\STM32CubeIDE_1.7.0\STM32CubeIDE\plugins\com.st.stm32cube.common.mx_6.3.0.202107141111\\db\/plugins/mcufinder/images/
2024-09-20 13:25:39,496 [INFO] DbExamples:333 - Set plugin images path to: C:\Users\84388\STM32CubeIDE_1.7.0\STM32CubeIDE\plugins\com.st.stm32cube.common.mx_6.3.0.202107141111\\db\/plugins/mcufinder/images/
2024-09-20 13:25:39,501 [INFO] DbMcusAds:119 - Set database path to: C:\Users\84388\.stmcufinder\plugins\mcufinder//mcu/
2024-09-20 13:25:39,501 [INFO] DbMcusDocs:110 - Set database path to: C:\Users\84388\.stmcufinder\plugins\mcufinder//mcu/
2024-09-20 13:25:39,506 [INFO] DbMcusJson:64 - Set database path to: C:\Users\84388\.stmcufinder\plugins\mcufinder//mcu/
2024-09-20 13:25:39,506 [INFO] DbBoardsDocs:110 - Set database path to: C:\Users\84388\.stmcufinder\plugins\mcufinder//mcu/
2024-09-20 13:25:39,506 [INFO] DbBoardsJson:57 - Set database path to: C:\Users\84388\.stmcufinder\plugins\mcufinder//mcu/
2024-09-20 13:25:39,506 [INFO] CrossReferenceDbSqlite:196 - Set database path to: C:\Users\84388\.stmcufinder\plugins\mcufinder//mcu/cs/
2024-09-20 13:25:39,506 [INFO] DbExamplesSqlite:767 - Set database path to: C:\Users\84388\.stmcufinder\plugins\mcufinder//mcu/
2024-09-20 13:25:39,601 [INFO] RulesReader:57 - Compatibility file has been processed (242 Rules)
2024-09-20 13:25:39,687 [INFO] DbMcusXml:74 - Set database path to: C:\Users\84388\STM32CubeIDE_1.7.0\STM32CubeIDE\plugins\com.st.stm32cube.common.mx_6.3.0.202107141111\\db\/mcu/
2024-09-20 13:25:39,687 [INFO] DbBoardsPdsc:56 - Set plugin database path to: C:\Users\84388\STM32CubeIDE_1.7.0\STM32CubeIDE\plugins\com.st.stm32cube.common.mx_6.3.0.202107141111\\db\/plugins/boardmanager/
2024-09-20 13:25:39,687 [INFO] DbMcus:258 - Set plugin images path to: C:\Users\84388\STM32CubeIDE_1.7.0\STM32CubeIDE\plugins\com.st.stm32cube.common.mx_6.3.0.202107141111\\db\/plugins/mcufinder/images/
2024-09-20 13:25:39,687 [INFO] DbBoards:264 - Set plugin images path to: C:\Users\84388\STM32CubeIDE_1.7.0\STM32CubeIDE\plugins\com.st.stm32cube.common.mx_6.3.0.202107141111\\db\/plugins/mcufinder/images/
2024-09-20 13:25:39,687 [INFO] DbExamples:333 - Set plugin images path to: C:\Users\84388\STM32CubeIDE_1.7.0\STM32CubeIDE\plugins\com.st.stm32cube.common.mx_6.3.0.202107141111\\db\/plugins/mcufinder/images/
2024-09-20 13:25:39,687 [WARN] DbFile:35 - Overriding database path with different value: C:\Users\84388\.stmcufinder\plugins\mcufinder/ => C:\Users\84388\.stmcufinder\plugins\mcufinder
2024-09-20 13:25:39,687 [INFO] DbMcusAds:119 - Set database path to: C:\Users\84388\.stmcufinder\plugins\mcufinder//mcu/
2024-09-20 13:25:39,687 [WARN] DbFile:35 - Overriding database path with different value: C:\Users\84388\.stmcufinder\plugins\mcufinder/ => C:\Users\84388\.stmcufinder\plugins\mcufinder
2024-09-20 13:25:39,687 [INFO] DbMcusDocs:110 - Set database path to: C:\Users\84388\.stmcufinder\plugins\mcufinder//mcu/
2024-09-20 13:25:39,687 [WARN] DbFile:35 - Overriding database path with different value: C:\Users\84388\.stmcufinder\plugins\mcufinder/ => C:\Users\84388\.stmcufinder\plugins\mcufinder
2024-09-20 13:25:39,687 [INFO] DbMcusJson:64 - Set database path to: C:\Users\84388\.stmcufinder\plugins\mcufinder//mcu/
2024-09-20 13:25:39,687 [WARN] DbFile:35 - Overriding database path with different value: C:\Users\84388\.stmcufinder\plugins\mcufinder/ => C:\Users\84388\.stmcufinder\plugins\mcufinder
2024-09-20 13:25:39,687 [INFO] DbBoardsDocs:110 - Set database path to: C:\Users\84388\.stmcufinder\plugins\mcufinder//mcu/
2024-09-20 13:25:39,687 [WARN] DbFile:35 - Overriding database path with different value: C:\Users\84388\.stmcufinder\plugins\mcufinder/ => C:\Users\84388\.stmcufinder\plugins\mcufinder
2024-09-20 13:25:39,687 [INFO] DbBoardsJson:57 - Set database path to: C:\Users\84388\.stmcufinder\plugins\mcufinder//mcu/
2024-09-20 13:25:39,687 [WARN] DbFile:35 - Overriding database path with different value: C:\Users\84388\.stmcufinder\plugins\mcufinder/ => C:\Users\84388\.stmcufinder\plugins\mcufinder
2024-09-20 13:25:39,687 [WARN] DbFile:35 - Overriding database path with different value: C:\Users\84388\.stmcufinder\plugins\mcufinder/ => C:\Users\84388\.stmcufinder\plugins\mcufinder
2024-09-20 13:25:39,687 [INFO] CrossReferenceDbSqlite:196 - Set database path to: C:\Users\84388\.stmcufinder\plugins\mcufinder//mcu/cs/
2024-09-20 13:25:39,687 [WARN] DbFile:35 - Overriding database path with different value: C:\Users\84388\.stmcufinder\plugins\mcufinder/ => C:\Users\84388\.stmcufinder\plugins\mcufinder
2024-09-20 13:25:39,687 [INFO] DbExamplesSqlite:767 - Set database path to: C:\Users\84388\.stmcufinder\plugins\mcufinder//mcu/
2024-09-20 13:25:39,759 [INFO] MainPanel:214 - HeapMemory: 268435456
2024-09-20 13:25:39,856 [INFO] DbMcusXml:74 - Set database path to: C:\Users\84388\STM32CubeIDE_1.7.0\STM32CubeIDE\plugins\com.st.stm32cube.common.mx_6.3.0.202107141111\\db\/mcu/
2024-09-20 13:25:39,856 [INFO] DbBoardsPdsc:56 - Set plugin database path to: C:\Users\84388\STM32CubeIDE_1.7.0\STM32CubeIDE\plugins\com.st.stm32cube.common.mx_6.3.0.202107141111\\db\/plugins/boardmanager/
2024-09-20 13:25:39,856 [INFO] DbMcus:258 - Set plugin images path to: C:\Users\84388\STM32CubeIDE_1.7.0\STM32CubeIDE\plugins\com.st.stm32cube.common.mx_6.3.0.202107141111\\db\/plugins/mcufinder/images/
2024-09-20 13:25:39,856 [INFO] DbBoards:264 - Set plugin images path to: C:\Users\84388\STM32CubeIDE_1.7.0\STM32CubeIDE\plugins\com.st.stm32cube.common.mx_6.3.0.202107141111\\db\/plugins/mcufinder/images/
2024-09-20 13:25:39,856 [INFO] DbExamples:333 - Set plugin images path to: C:\Users\84388\STM32CubeIDE_1.7.0\STM32CubeIDE\plugins\com.st.stm32cube.common.mx_6.3.0.202107141111\\db\/plugins/mcufinder/images/
2024-09-20 13:25:39,856 [WARN] DbFile:35 - Overriding database path with different value: C:\Users\84388\.stmcufinder\plugins\mcufinder/ => C:\Users\84388\.stmcufinder\plugins\mcufinder
2024-09-20 13:25:39,856 [INFO] DbMcusAds:119 - Set database path to: C:\Users\84388\.stmcufinder\plugins\mcufinder//mcu/
2024-09-20 13:25:39,856 [WARN] DbFile:35 - Overriding database path with different value: C:\Users\84388\.stmcufinder\plugins\mcufinder/ => C:\Users\84388\.stmcufinder\plugins\mcufinder
2024-09-20 13:25:39,856 [INFO] DbMcusDocs:110 - Set database path to: C:\Users\84388\.stmcufinder\plugins\mcufinder//mcu/
2024-09-20 13:25:39,856 [WARN] DbFile:35 - Overriding database path with different value: C:\Users\84388\.stmcufinder\plugins\mcufinder/ => C:\Users\84388\.stmcufinder\plugins\mcufinder
2024-09-20 13:25:39,856 [INFO] DbMcusJson:64 - Set database path to: C:\Users\84388\.stmcufinder\plugins\mcufinder//mcu/
2024-09-20 13:25:39,856 [WARN] DbFile:35 - Overriding database path with different value: C:\Users\84388\.stmcufinder\plugins\mcufinder/ => C:\Users\84388\.stmcufinder\plugins\mcufinder
2024-09-20 13:25:39,856 [INFO] DbBoardsDocs:110 - Set database path to: C:\Users\84388\.stmcufinder\plugins\mcufinder//mcu/
2024-09-20 13:25:39,856 [WARN] DbFile:35 - Overriding database path with different value: C:\Users\84388\.stmcufinder\plugins\mcufinder/ => C:\Users\84388\.stmcufinder\plugins\mcufinder
2024-09-20 13:25:39,856 [INFO] DbBoardsJson:57 - Set database path to: C:\Users\84388\.stmcufinder\plugins\mcufinder//mcu/
2024-09-20 13:25:39,856 [WARN] DbFile:35 - Overriding database path with different value: C:\Users\84388\.stmcufinder\plugins\mcufinder/ => C:\Users\84388\.stmcufinder\plugins\mcufinder
2024-09-20 13:25:39,856 [WARN] DbFile:35 - Overriding database path with different value: C:\Users\84388\.stmcufinder\plugins\mcufinder/ => C:\Users\84388\.stmcufinder\plugins\mcufinder
2024-09-20 13:25:39,856 [INFO] CrossReferenceDbSqlite:196 - Set database path to: C:\Users\84388\.stmcufinder\plugins\mcufinder//mcu/cs/
2024-09-20 13:25:39,856 [WARN] DbFile:35 - Overriding database path with different value: C:\Users\84388\.stmcufinder\plugins\mcufinder/ => C:\Users\84388\.stmcufinder\plugins\mcufinder
2024-09-20 13:25:39,856 [INFO] DbExamplesSqlite:767 - Set database path to: C:\Users\84388\.stmcufinder\plugins\mcufinder//mcu/
2024-09-20 13:25:39,876 [INFO] ApplicationProperties:181 - Using Application install path: C:\Users\84388\STM32CubeIDE_1.7.0\STM32CubeIDE\plugins\com.st.stm32cube.common.mx_6.3.0.202107141111
2024-09-20 13:25:39,876 [INFO] PluginManage:188 - Search for loadable plugins [exclusion list=, ]
2024-09-20 13:25:39,876 [INFO] PluginManage:302 - Check plugin analytics
2024-09-20 13:25:45,053 [INFO] AnalyticsPlugin:257 - Accepted Software Licenses: 
2024-09-20 13:25:45,053 [INFO] AnalyticsPlugin:259 - Accepted CMSIS Pack Licenses: 
2024-09-20 13:25:45,057 [INFO] AnalyticsPlugin:261 - Accepted Firmware Licenses: 
2024-09-20 13:25:45,057 [INFO] PluginManage:352 - Loaded plugin analytics (category:tool,tabindex:-1)
2024-09-20 13:25:45,057 [INFO] PluginManage:302 - Check plugin clock
2024-09-20 13:25:45,081 [INFO] PluginManage:352 - Loaded plugin clock (category:base,tabindex:2)
2024-09-20 13:25:45,081 [INFO] PluginManage:302 - Check plugin ddr
2024-09-20 13:25:45,086 [INFO] PluginManage:352 - Loaded plugin ddr (category:tool,tabindex:6)
2024-09-20 13:25:45,086 [INFO] PluginManage:302 - Check plugin filemanager
2024-09-20 13:25:45,243 [INFO] PluginManage:352 - Loaded plugin filemanager (category:base,tabindex:10)
2024-09-20 13:25:45,243 [INFO] PluginManage:302 - Check plugin ipmanager
2024-09-20 13:25:45,246 [INFO] PluginManage:352 - Loaded plugin ipmanager (category:base,tabindex:5)
2024-09-20 13:25:45,256 [INFO] PluginManage:302 - Check plugin pinoutandconfiguration
2024-09-20 13:25:45,276 [INFO] PluginManage:352 - Loaded plugin pinoutandconfiguration (category:base,tabindex:1)
2024-09-20 13:25:45,276 [INFO] PluginManage:302 - Check plugin pinoutconfig
2024-09-20 13:25:45,316 [INFO] PluginManage:352 - Loaded plugin pinoutconfig (category:base,tabindex:0)
2024-09-20 13:25:45,316 [INFO] PluginManage:302 - Check plugin power
2024-09-20 13:25:45,338 [INFO] PluginManage:352 - Loaded plugin power (category:power,tabindex:4)
2024-09-20 13:25:45,338 [INFO] PluginManage:302 - Check plugin projectmanager
2024-09-20 13:25:45,346 [INFO] PluginManage:352 - Loaded plugin projectmanager (category:projectmanager,tabindex:3)
2024-09-20 13:25:45,354 [INFO] PluginManage:302 - Check plugin thirdparty
2024-09-20 13:25:45,608 [INFO] PluginManage:352 - Loaded plugin thirdparty (category:base,tabindex:-1)
2024-09-20 13:25:45,608 [WARN] IntegrityCheckThread:78 - waiting for thirdparty lock release [integrity check]
2024-09-20 13:25:45,608 [INFO] PluginManage:302 - Check plugin tools
2024-09-20 13:25:45,608 [INFO] IntegrityCheckThread:80 - entering critical section [integrity check]
2024-09-20 13:25:45,608 [INFO] ThirdPartyUpdaterWithRetryManager:66 - Updater plugin not ready yet. [1/15]
2024-09-20 13:25:45,677 [INFO] PluginManage:352 - Loaded plugin tools (category:base,tabindex:7)
2024-09-20 13:25:45,677 [INFO] PluginManage:302 - Check plugin tutovideos
2024-09-20 13:25:45,896 [INFO] PluginManage:352 - Loaded plugin tutovideos (category:base,tabindex:-1)
2024-09-20 13:25:45,896 [INFO] PluginManage:302 - Check plugin updater
2024-09-20 13:25:45,908 [INFO] PluginManage:352 - Loaded plugin updater (category:base,tabindex:12)
2024-09-20 13:25:45,908 [INFO] PluginManage:275 - PluginManage : Loaded plugins [13]
2024-09-20 13:25:46,096 [INFO] PinOutPanel:1463 - setPackage(No Configuration,No Configuration)
2024-09-20 13:25:46,196 [INFO] IPUIPlugin:74 - create IPUIPlugin
2024-09-20 13:25:46,196 [INFO] PluginManager:213 - loadIPPluginJar : add adc
2024-09-20 13:25:46,266 [INFO] IPUIPlugin:74 - create IPUIPlugin
2024-09-20 13:25:46,266 [INFO] PluginManager:213 - loadIPPluginJar : add aes
2024-09-20 13:25:46,321 [INFO] IPUIPlugin:74 - create IPUIPlugin
2024-09-20 13:25:46,321 [INFO] PluginManager:213 - loadIPPluginJar : add can
2024-09-20 13:25:46,356 [INFO] IPUIPlugin:74 - create IPUIPlugin
2024-09-20 13:25:46,356 [INFO] PluginManager:213 - loadIPPluginJar : add comp
2024-09-20 13:25:46,401 [INFO] IPUIPlugin:74 - create IPUIPlugin
2024-09-20 13:25:46,401 [INFO] PluginManager:213 - loadIPPluginJar : add cryp
2024-09-20 13:25:46,436 [INFO] IPUIPlugin:74 - create IPUIPlugin
2024-09-20 13:25:46,436 [INFO] PluginManager:213 - loadIPPluginJar : add dfsdm
2024-09-20 13:25:46,456 [INFO] IPUIPlugin:74 - create IPUIPlugin
2024-09-20 13:25:46,456 [INFO] PluginManager:213 - loadIPPluginJar : add dma
2024-09-20 13:25:46,516 [INFO] IPUIPlugin:74 - create IPUIPlugin
2024-09-20 13:25:46,516 [INFO] PluginManager:213 - loadIPPluginJar : add dma3
2024-09-20 13:25:46,547 [INFO] IPUIPlugin:74 - create IPUIPlugin
2024-09-20 13:25:46,547 [INFO] PluginManager:213 - loadIPPluginJar : add fatfs
2024-09-20 13:25:46,617 [INFO] IPUIPlugin:74 - create IPUIPlugin
2024-09-20 13:25:46,617 [INFO] PluginManager:213 - loadIPPluginJar : add fmc
2024-09-20 13:25:46,636 [INFO] IPUIPlugin:74 - create IPUIPlugin
2024-09-20 13:25:46,636 [INFO] PluginManager:213 - loadIPPluginJar : add freertos
2024-09-20 13:25:46,670 [INFO] IPUIPlugin:74 - create IPUIPlugin
2024-09-20 13:25:46,670 [INFO] PluginManager:213 - loadIPPluginJar : add genericplugin
2024-09-20 13:25:46,786 [INFO] IPUIPlugin:74 - create IPUIPlugin
2024-09-20 13:25:46,786 [INFO] PluginManager:213 - loadIPPluginJar : add gfxmmu
2024-09-20 13:25:46,946 [INFO] IPUIPlugin:74 - create IPUIPlugin
2024-09-20 13:25:46,946 [INFO] PluginManager:213 - loadIPPluginJar : add gic
2024-09-20 13:25:46,958 [INFO] IPUIPlugin:74 - create IPUIPlugin
2024-09-20 13:25:46,958 [INFO] PluginManager:213 - loadIPPluginJar : add gpio
2024-09-20 13:25:47,057 [INFO] IPUIPlugin:74 - create IPUIPlugin
2024-09-20 13:25:47,057 [INFO] PluginManager:213 - loadIPPluginJar : add gtzc
2024-09-20 13:25:47,097 [INFO] IPUIPlugin:74 - create IPUIPlugin
2024-09-20 13:25:47,097 [INFO] PluginManager:213 - loadIPPluginJar : add hash
2024-09-20 13:25:47,166 [INFO] IPUIPlugin:74 - create IPUIPlugin
2024-09-20 13:25:47,166 [INFO] PluginManager:213 - loadIPPluginJar : add i2c
2024-09-20 13:25:47,228 [INFO] IPUIPlugin:74 - create IPUIPlugin
2024-09-20 13:25:47,228 [INFO] PluginManager:213 - loadIPPluginJar : add i2s
2024-09-20 13:25:47,244 [INFO] IPUIPlugin:74 - create IPUIPlugin
2024-09-20 13:25:47,246 [INFO] PluginManager:213 - loadIPPluginJar : add ipddr
2024-09-20 13:25:47,356 [INFO] IPUIPlugin:74 - create IPUIPlugin
2024-09-20 13:25:47,356 [INFO] PluginManager:213 - loadIPPluginJar : add linkedlist
2024-09-20 13:25:47,407 [INFO] IPUIPlugin:74 - create IPUIPlugin
2024-09-20 13:25:47,407 [INFO] PluginManager:213 - loadIPPluginJar : add lorawan
2024-09-20 13:25:47,457 [INFO] IPUIPlugin:74 - create IPUIPlugin
2024-09-20 13:25:47,457 [INFO] PluginManager:213 - loadIPPluginJar : add ltdc
2024-09-20 13:25:47,467 [INFO] IPUIPlugin:74 - create IPUIPlugin
2024-09-20 13:25:47,467 [INFO] PluginManager:213 - loadIPPluginJar : add mdma
2024-09-20 13:25:47,487 [INFO] IPUIPlugin:74 - create IPUIPlugin
2024-09-20 13:25:47,487 [INFO] PluginManager:213 - loadIPPluginJar : add nvic
2024-09-20 13:25:47,547 [INFO] IPUIPlugin:74 - create IPUIPlugin
2024-09-20 13:25:47,547 [INFO] PluginManager:213 - loadIPPluginJar : add opamp
2024-09-20 13:25:47,627 [INFO] IPUIPlugin:74 - create IPUIPlugin
2024-09-20 13:25:47,627 [INFO] PluginManager:213 - loadIPPluginJar : add openamp
2024-09-20 13:25:47,716 [INFO] IPUIPlugin:74 - create IPUIPlugin
2024-09-20 13:25:47,716 [INFO] PluginManager:213 - loadIPPluginJar : add pdm2pcm
2024-09-20 13:25:47,736 [INFO] IPUIPlugin:74 - create IPUIPlugin
2024-09-20 13:25:47,736 [INFO] PluginManager:213 - loadIPPluginJar : add plateformsettings
2024-09-20 13:25:47,784 [INFO] IPUIPlugin:74 - create IPUIPlugin
2024-09-20 13:25:47,784 [INFO] PluginManager:213 - loadIPPluginJar : add quadspi
2024-09-20 13:25:47,800 [INFO] IPUIPlugin:74 - create IPUIPlugin
2024-09-20 13:25:47,800 [INFO] PluginManager:213 - loadIPPluginJar : add resmgrutility
2024-09-20 13:25:47,877 [INFO] IPUIPlugin:74 - create IPUIPlugin
2024-09-20 13:25:47,877 [INFO] PluginManager:213 - loadIPPluginJar : add sai
2024-09-20 13:25:47,927 [INFO] IPUIPlugin:74 - create IPUIPlugin
2024-09-20 13:25:47,927 [INFO] PluginManager:213 - loadIPPluginJar : add spi
2024-09-20 13:25:47,996 [INFO] IPUIPlugin:74 - create IPUIPlugin
2024-09-20 13:25:47,996 [INFO] PluginManager:213 - loadIPPluginJar : add stm32_wpan
2024-09-20 13:25:48,038 [INFO] IPUIPlugin:74 - create IPUIPlugin
2024-09-20 13:25:48,038 [INFO] PluginManager:213 - loadIPPluginJar : add tim
2024-09-20 13:25:48,117 [INFO] IPUIPlugin:74 - create IPUIPlugin
2024-09-20 13:25:48,117 [INFO] PluginManager:213 - loadIPPluginJar : add touchsensing
2024-09-20 13:25:48,157 [INFO] IPUIPlugin:74 - create IPUIPlugin
2024-09-20 13:25:48,157 [INFO] PluginManager:213 - loadIPPluginJar : add tracer_emb
2024-09-20 13:25:48,196 [INFO] IPUIPlugin:74 - create IPUIPlugin
2024-09-20 13:25:48,196 [INFO] PluginManager:213 - loadIPPluginJar : add ts
2024-09-20 13:25:48,237 [INFO] IPUIPlugin:74 - create IPUIPlugin
2024-09-20 13:25:48,237 [INFO] PluginManager:213 - loadIPPluginJar : add tsc
2024-09-20 13:25:48,266 [INFO] IPUIPlugin:74 - create IPUIPlugin
2024-09-20 13:25:48,266 [INFO] PluginManager:213 - loadIPPluginJar : add ucpd
2024-09-20 13:25:48,326 [INFO] IPUIPlugin:74 - create IPUIPlugin
2024-09-20 13:25:48,326 [INFO] PluginManager:213 - loadIPPluginJar : add usart
2024-09-20 13:25:48,387 [INFO] IPUIPlugin:74 - create IPUIPlugin
2024-09-20 13:25:48,387 [INFO] PluginManager:213 - loadIPPluginJar : add usbx
2024-09-20 13:25:48,608 [INFO] ThirdPartyUpdaterWithRetryManager:66 - Updater plugin not ready yet. [2/15]
2024-09-20 13:25:48,666 [FATAL] Updater:294 - Updater called before beeing initialized
2024-09-20 13:25:48,761 [FATAL] Updater:294 - Updater called before beeing initialized
2024-09-20 13:25:48,766 [INFO] DbMcusAds:47 - JSON generation date=Mon Sep 16 21:40:22 ICT 2024 (1726497622318)
2024-09-20 13:25:48,766 [FATAL] Updater:294 - Updater called before beeing initialized
2024-09-20 13:25:48,806 [WARN] DetailPanel:314 - Failed to get advertising image, set to default
2024-09-20 13:25:48,931 [FATAL] Updater:294 - Updater called before beeing initialized
2024-09-20 13:25:48,931 [FATAL] Updater:294 - Updater called before beeing initialized
2024-09-20 13:25:48,931 [FATAL] Updater:294 - Updater called before beeing initialized
2024-09-20 13:25:48,931 [WARN] DetailPanel:314 - Failed to get advertising image, set to default
2024-09-20 13:25:48,936 [FATAL] Updater:294 - Updater called before beeing initialized
2024-09-20 13:25:49,011 [ERROR] Updater:1075 - MainUpdater not yet initialized. External WinMGr cannot be set.
2024-09-20 13:25:49,026 [INFO] Updater:1012 - Updater Version found : 6.3.0
2024-09-20 13:25:49,047 [INFO] ApplicationProperties:181 - Using Application install path: C:\Users\84388\STM32CubeIDE_1.7.0\STM32CubeIDE\plugins\com.st.stm32cube.common.mx_6.3.0.202107141111
2024-09-20 13:25:49,446 [INFO] MainUpdater:2671 - connection check result : 10
2024-09-20 13:25:49,446 [INFO] MainUpdater:265 - Updater Check For Update Now.
2024-09-20 13:25:49,452 [INFO] MicroXplorer:478 - Change Database Version : DB.6.0.30
2024-09-20 13:25:49,644 [INFO] CheckServerUpdateThread:112 - End of CheckServer Thread
2024-09-20 13:25:49,707 [INFO] MainUpdater:2671 - connection check result : 10
2024-09-20 13:25:50,199 [INFO] McuFinderGlobals:52 - Set McuFinderConnectedMode to false
2024-09-20 13:25:50,296 [INFO] CrossSelectorPresenter:1330 - Cross Selector saved comparison directory: C:\Users\84388\.stmcufinder\plugins\mcufinder\mcu\cs_comparisons_mx
2024-09-20 13:25:50,307 [INFO] MultiScanPanel:197 - Auto-refresh data requested => check proxy status ongoing
2024-09-20 13:25:50,307 [INFO] MultiScanPanel:201 - Proxy status is invalid
2024-09-20 13:25:50,310 [INFO] FinderPluginLoader:87 - Searching for filters in installed packs
2024-09-20 13:25:50,310 [INFO] DbMcusXml:100 - Load MCU database from C:\Users\84388\STM32CubeIDE_1.7.0\STM32CubeIDE\plugins\com.st.stm32cube.common.mx_6.3.0.202107141111\\db\/mcu/families.xml
2024-09-20 13:25:51,427 [INFO] DbMcusJson:93 - JSON generation date=Tue Nov 16 23:17:54 ICT 2021 (1637079474)
2024-09-20 13:25:51,847 [ERROR] Engine:463 - C:\Users\84388\.stm32cubemx\thirdparties\pdsc\STMicroelectronics.FP-SNS-MOTENVWB1.1.4.0.pdsc: PDSC version is not supported
2024-09-20 13:25:51,857 [ERROR] Engine:463 - C:\Users\84388\.stm32cubemx\thirdparties\pdsc\STMicroelectronics.X-CUBE-SMBUS.2.1.0.pdsc: PDSC version is not supported
2024-09-20 13:25:51,991 [WARN] PackLoader:238 - Cannot read IP mode file for STMicroelectronics.X-CUBE-AZRTOS-F7.1.1.0
2024-09-20 13:25:52,029 [WARN] PackLoader:238 - Cannot read IP mode file for STMicroelectronics.X-CUBE-BLE1.6.2.3
2024-09-20 13:25:52,157 [WARN] PackLoader:238 - Cannot read IP mode file for STMicroelectronics.X-CUBE-MEMS1.11.0.0
2024-09-20 13:25:52,408 [INFO] DbMcus:175 - Found 1951 MCUs (1903 are supported by CubeMX, 1914 are visible in CubeMX)
2024-09-20 13:25:52,408 [INFO] ApiDb:251 - Load user favorites file C:\Users\84388/.stm32cubeide/favorites.mcus.txt: 0 item(s)
2024-09-20 13:25:52,408 [INFO] ApiDb:255 - User favorites MCUs=[]
2024-09-20 13:25:52,408 [INFO] DbMcus:187 - Set 0 / 0 favorites MCUs
2024-09-20 13:25:52,437 [ERROR] Engine:463 - C:\Users\84388\.stm32cubemx\thirdparties\pdsc\STMicroelectronics.FP-SNS-FLIGHT1.5.0.2.pdsc: PDSC version is not supported
2024-09-20 13:25:52,457 [WARN] PackLoader:238 - Cannot read IP mode file for STMicroelectronics.X-CUBE-TOF1.3.1.0
2024-09-20 13:25:52,492 [ERROR] Engine:463 - C:\Users\84388\.stm32cubemx\thirdparties\pdsc\STMicroelectronics.X-CUBE-DISPLAY.3.0.0.pdsc: PDSC version is not supported
2024-09-20 13:25:52,508 [WARN] PackLoader:238 - Cannot read IP mode file for STMicroelectronics.X-CUBE-BLE1.7.0.0
2024-09-20 13:25:52,586 [WARN] PackLoader:238 - Cannot read IP mode file for STMicroelectronics.X-CUBE-MEMS1.9.3.0
2024-09-20 13:25:52,827 [WARN] PackLoader:238 - Cannot read IP mode file for STMicroelectronics.X-CUBE-AI.7.2.0
2024-09-20 13:25:52,861 [ERROR] Engine:463 - C:\Users\84388\.stm32cubemx\thirdparties\pdsc\STMicroelectronics.X-CUBE-BLEMGR.3.1.0.pdsc: PDSC version is not supported
2024-09-20 13:25:52,871 [ERROR] Engine:463 - C:\Users\84388\.stm32cubemx\thirdparties\pdsc\STMicroelectronics.FP-SNS-SMARTAG2.1.2.0.pdsc: PDSC version is not supported
2024-09-20 13:25:52,896 [INFO] LogOutputStream:76 - [STDOUT_REDIRECT] 1 : Invalid condition id : UX_CORESTACK_Condition cause : null
2024-09-20 13:25:52,903 [INFO] LogOutputStream:76 - [STDOUT_REDIRECT] 1 : Invalid condition id : UX_CORESTACK_Condition cause : null
2024-09-20 13:25:52,903 [INFO] LogOutputStream:76 - [STDOUT_REDIRECT] 1 : Invalid condition id : UX_CORESTACK_Condition cause : null
2024-09-20 13:25:52,906 [INFO] LogOutputStream:76 - [STDOUT_REDIRECT] 1 : Invalid condition id : UX_CORESTACK_Condition cause : null
2024-09-20 13:25:52,906 [INFO] LogOutputStream:76 - [STDOUT_REDIRECT] 1 : Invalid condition id : UX_CORESTACK_Condition cause : null
2024-09-20 13:25:52,908 [WARN] PackLoader:238 - Cannot read IP mode file for STMicroelectronics.X-CUBE-AZRTOS-WL.2.0.0
2024-09-20 13:25:52,926 [ERROR] Engine:463 - C:\Users\84388\.stm32cubemx\thirdparties\pdsc\STMicroelectronics.FP-SNS-MOTENV1.5.0.0.pdsc: PDSC version is not supported
2024-09-20 13:25:52,951 [WARN] PackLoader:238 - Cannot read IP mode file for wolfSSL.I-CUBE-wolfMQTT.1.19.0
2024-09-20 13:25:52,971 [WARN] PackLoader:238 - Cannot read IP mode file for WES.I-CUBE-Cesium.1.3.0
2024-09-20 13:25:52,991 [WARN] PackLoader:238 - Cannot read IP mode file for STMicroelectronics.X-CUBE-BLE2.3.3.0
2024-09-20 13:25:53,008 [WARN] PackLoader:238 - Cannot read IP mode file for STMicroelectronics.X-CUBE-DISPLAY.2.2.0
2024-09-20 13:25:53,031 [WARN] PackLoader:238 - Cannot read IP mode file for STMicroelectronics.X-CUBE-TOF1.3.2.0
2024-09-20 13:25:53,052 [WARN] PackLoader:238 - Cannot read IP mode file for STMicroelectronics.X-CUBE-ISPU.1.0.0
2024-09-20 13:25:53,096 [INFO] DetailPanel:309 - Set advertising image to C:/Users/84388/STM32Cube/Repository/\en.prom-stm32c071-usb-memories-mcu-finder.png
2024-09-20 13:25:53,096 [WARN] PackLoader:238 - Cannot read IP mode file for STMicroelectronics.X-CUBE-AZRTOS-H7.2.1.0
2024-09-20 13:25:53,116 [ERROR] Engine:463 - C:\Users\84388\.stm32cubemx\thirdparties\pdsc\STMicroelectronics.X-CUBE-TCPP.4.1.0.pdsc: PDSC version is not supported
2024-09-20 13:25:53,127 [WARN] PackLoader:238 - Cannot read IP mode file for STMicroelectronics.X-CUBE-AI.7.3.0
2024-09-20 13:25:53,151 [WARN] PackLoader:238 - Cannot read IP mode file for STMicroelectronics.X-CUBE-ALGOBUILD.1.3.0
2024-09-20 13:25:53,209 [WARN] PackLoader:238 - Cannot read IP mode file for STMicroelectronics.X-CUBE-AZRTOS-G0.1.1.0
2024-09-20 13:25:53,246 [WARN] PackLoader:238 - Cannot read IP mode file for STMicroelectronics.X-CUBE-SAFEA1.1.2.2
2024-09-20 13:25:53,256 [WARN] PackLoader:238 - Cannot read IP mode file for STMicroelectronics.X-CUBE-NFC4.3.0.0
2024-09-20 13:25:53,321 [WARN] PackLoader:238 - Cannot read IP mode file for SEGGER.I-CUBE-embOS.1.2.0
2024-09-20 13:25:53,376 [ERROR] Engine:463 - C:\Users\84388\.stm32cubemx\thirdparties\pdsc\EmbeddedOffice.I-CUBE-FS-RTOS.1.0.1.pdsc: PDSC version is not supported
2024-09-20 13:25:53,386 [ERROR] Engine:463 - C:\Users\84388\.stm32cubemx\thirdparties\pdsc\RealThread.X-CUBE-RT-Thread_Nano.4.1.1.pdsc: PDSC version is not supported
2024-09-20 13:25:53,402 [WARN] PackLoader:238 - Cannot read IP mode file for STMicroelectronics.FP-ATR-SIGFOX1.3.2.0
2024-09-20 13:25:53,428 [WARN] PackLoader:238 - Cannot read IP mode file for STMicroelectronics.X-CUBE-EEPRMA1.5.1.0
2024-09-20 13:25:53,446 [WARN] PackLoader:238 - Cannot read IP mode file for emotas.I-CUBE-CANOPEN.1.1.2
2024-09-20 13:25:53,466 [WARN] PackLoader:238 - Cannot read IP mode file for STMicroelectronics.X-CUBE-TOUCHGFX.4.20.0
2024-09-20 13:25:53,476 [ERROR] Engine:463 - C:\Users\84388\.stm32cubemx\thirdparties\pdsc\ITTIA_DB.I-CUBE-ITTIADB.8.9.0.pdsc: PDSC version is not supported
2024-09-20 13:25:53,516 [WARN] PackLoader:238 - Cannot read IP mode file for SEGGER.I-CUBE-embOS.1.3.1
2024-09-20 13:25:53,556 [WARN] PackLoader:238 - Cannot read IP mode file for STMicroelectronics.X-CUBE-ALGOBUILD.1.4.0
2024-09-20 13:25:53,577 [WARN] PackLoader:238 - Cannot read IP mode file for STMicroelectronics.X-CUBE-GNSS1.6.0.0
2024-09-20 13:25:53,588 [INFO] DbBoardsPdsc:90 - Found 25 items
2024-09-20 13:25:53,601 [INFO] DbBoardsPdsc:90 - Found 9 items
2024-09-20 13:25:53,609 [WARN] PackLoader:238 - Cannot read IP mode file for STMicroelectronics.X-CUBE-AZRTOS-F4.1.1.0
2024-09-20 13:25:53,616 [INFO] DbBoardsPdsc:90 - Found 33 items
2024-09-20 13:25:53,626 [ERROR] Engine:463 - C:\Users\84388\.stm32cubemx\thirdparties\pdsc\STMicroelectronics.X-CUBE-FREERTOS.1.2.0.pdsc: PDSC version is not supported
2024-09-20 13:25:53,626 [INFO] DbBoardsPdsc:90 - Found 1 items
2024-09-20 13:25:53,636 [WARN] PackLoader:238 - Cannot read IP mode file for STMicroelectronics.X-CUBE-BLEMGR.1.2.0
2024-09-20 13:25:53,646 [INFO] DbBoardsPdsc:90 - Found 48 items
2024-09-20 13:25:53,667 [INFO] DbBoardsPdsc:90 - Found 43 items
2024-09-20 13:25:53,676 [WARN] PackLoader:238 - Cannot read IP mode file for STMicroelectronics.X-CUBE-AZRTOS-L5.2.0.0
2024-09-20 13:25:53,676 [INFO] DbBoardsPdsc:90 - Found 2 items
2024-09-20 13:25:53,686 [INFO] DbBoardsPdsc:90 - Found 5 items
2024-09-20 13:25:53,686 [WARN] DbBoardsPdsc:254 - Board STM32H7B3I-DK: unknown feature type=Audio, name=, username=Audio stereo codec with Headphone Amp (CS42L51-CNZ), n=1
2024-09-20 13:25:53,686 [WARN] PackLoader:238 - Cannot read IP mode file for STMicroelectronics.X-CUBE-NFC6.3.1.0
2024-09-20 13:25:53,686 [WARN] DbBoardsPdsc:254 - Board STM32H735G-DK: unknown feature type=Audio, name=, username=Audio stereo codec with Headphone Amp (WM8994ECS/R), n=1
2024-09-20 13:25:53,696 [WARN] DbBoardsPdsc:254 - Board STM32H7B3I-EVAL: unknown feature type=Audio, name=, username=Multi-Channel Audio Codec (CS42L51-CNZ), n=1
2024-09-20 13:25:53,696 [WARN] DbBoardsPdsc:254 - Board STM32H7B3I-EVAL: unknown feature type=Meter, name=, username=Power-metering and Temperature-monitoring with sigma-delta modulators, n=1
2024-09-20 13:25:53,696 [WARN] DbBoardsPdsc:254 - Board STM32H7B3I-EVAL: unknown feature type=Motor, name=, username=Motor Control, n=1
2024-09-20 13:25:53,696 [WARN] DbBoardsPdsc:254 - Board STM32U575I-EV: unknown feature type=joystick, name=, username=4-direction joystick with selection button, n=1
2024-09-20 13:25:53,706 [ERROR] Engine:463 - C:\Users\84388\.stm32cubemx\thirdparties\pdsc\STMicroelectronics.X-CUBE-DPower.1.2.0.pdsc: PDSC version is not supported
2024-09-20 13:25:53,736 [WARN] PackLoader:238 - Cannot read IP mode file for STMicroelectronics.X-CUBE-NFC4.2.0.5
2024-09-20 13:25:53,751 [WARN] PackLoader:238 - Cannot read IP mode file for STMicroelectronics.X-CUBE-NFC4.2.0.4
2024-09-20 13:25:53,763 [INFO] DbBoardsJson:86 - JSON generation date=Tue Nov 16 23:17:54 ICT 2021 (1637079474)
2024-09-20 13:25:53,766 [WARN] PackLoader:238 - Cannot read IP mode file for STMicroelectronics.X-CUBE-AI.9.0.0
2024-09-20 13:25:53,766 [INFO] DbBoards:117 - Found 167 boards (163 are supported by CubeMX)
2024-09-20 13:25:53,786 [WARN] PackLoader:238 - Cannot read IP mode file for wolfSSL.I-CUBE-wolfSSL.5.5.0
2024-09-20 13:25:53,786 [INFO] DbBoardsDocs:143 - JSON generation date=Tue Nov 16 23:17:54 ICT 2021 (1637079474)
2024-09-20 13:25:53,791 [INFO] DbBoardsDocs:79 - Found 209 boards documents
2024-09-20 13:25:53,795 [WARN] DbBoards:127 - board B-L475E-IOT01A2 has no document id list !
2024-09-20 13:25:53,796 [WARN] DbBoards:127 - board NUCLEO-H743ZI has no document id list !
2024-09-20 13:25:53,796 [WARN] DbBoards:127 - board NUCLEO-WL55JC2 has no document id list !
2024-09-20 13:25:53,796 [WARN] DbBoards:127 - board P-NUCLEO-WB55-Nucleo has no document id list !
2024-09-20 13:25:53,796 [WARN] DbBoards:127 - board P-NUCLEO-WB55-USBDongle has no document id list !
2024-09-20 13:25:53,796 [WARN] DbBoards:127 - board STEVAL-BFA001V1B has no document id list !
2024-09-20 13:25:53,796 [WARN] DbBoards:127 - board STEVAL-BFA001V2B has no document id list !
2024-09-20 13:25:53,796 [WARN] DbBoards:127 - board STEVAL-IDP005V1 has no document id list !
2024-09-20 13:25:53,796 [WARN] DbBoards:127 - board STEVAL-IDP005V2 has no document id list !
2024-09-20 13:25:53,796 [WARN] DbBoards:127 - board STEVAL-MKSBOX1V1 has no document id list !
2024-09-20 13:25:53,796 [WARN] DbBoards:127 - board STEVAL-STWINKT1 has no document id list !
2024-09-20 13:25:53,796 [WARN] DbBoards:127 - board STEVAL-STWINKT1B has no document id list !
2024-09-20 13:25:53,796 [WARN] DbBoards:127 - board STM32439I-EVAL2 has no document id list !
2024-09-20 13:25:53,796 [WARN] DbBoards:127 - board STM32F401C-DISCO has no document id list !
2024-09-20 13:25:53,801 [WARN] DbBoards:127 - board STM32F769I-DISC1 has no document id list !
2024-09-20 13:25:53,801 [WARN] DbBoards:127 - board STM32G474E-EVAL1 has no document id list !
2024-09-20 13:25:53,801 [WARN] DbBoards:127 - board STM32H743I-EVAL2 has no document id list !
2024-09-20 13:25:53,801 [WARN] DbBoards:127 - board STM32H747I-DISC1 has no document id list !
2024-09-20 13:25:53,801 [WARN] DbBoards:127 - board STM32H753I-EVAL2 has no document id list !
2024-09-20 13:25:53,801 [WARN] DbBoards:127 - board STM32L-DISCOVERY has no document id list !
2024-09-20 13:25:53,806 [WARN] PackLoader:238 - Cannot read IP mode file for STMicroelectronics.X-CUBE-NFC7.1.0.1
2024-09-20 13:25:53,822 [WARN] PackLoader:238 - Cannot read IP mode file for STMicroelectronics.X-CUBE-NFC7.1.0.0
2024-09-20 13:25:53,876 [WARN] ConditionMgr:437 - getConditionDescription Invalid condition id : LAN8742 Phy interface Condition cause : null
2024-09-20 13:25:53,876 [WARN] PackLoader:238 - Cannot read IP mode file for STMicroelectronics.X-CUBE-AZRTOS-L4.2.0.0
2024-09-20 13:25:53,876 [WARN] ConditionMgr:1038 - genDependencies : Invalid condition id : LAN8742 Phy interface Condition cause : null
2024-09-20 13:25:53,876 [WARN] ConditionMgr:1038 - genDependencies : Invalid condition id : LAN8742 Phy interface Condition cause : null
2024-09-20 13:25:53,876 [WARN] ConditionMgr:1038 - genDependencies : Invalid condition id : LAN8742 Phy interface Condition cause : null
2024-09-20 13:25:53,897 [WARN] PackLoader:238 - Cannot read IP mode file for STMicroelectronics.X-CUBE-SFXS2LP1.4.0.0
2024-09-20 13:25:53,917 [WARN] PackLoader:238 - Cannot read IP mode file for STMicroelectronics.X-CUBE-ISPU.1.1.0
2024-09-20 13:25:53,967 [WARN] PackLoader:238 - Cannot read IP mode file for STMicroelectronics.X-CUBE-AZRTOS-H7.3.3.0
2024-09-20 13:25:53,977 [WARN] PackLoader:238 - Cannot read IP mode file for RoweBots.I-CUBE-UNISONRTOS.5.5.0-4
2024-09-20 13:25:53,977 [ERROR] DbBoards:189 - Image file not found for board B-U585I-IOT02A: C:\Users\84388\STM32CubeIDE_1.7.0\STM32CubeIDE\plugins\com.st.stm32cube.common.mx_6.3.0.202107141111\\db\/plugins/mcufinder/images/boards/B-U585I-IOT02A_small.jpg
2024-09-20 13:25:54,009 [WARN] ConditionMgr:437 - getConditionDescription Invalid condition id : UX DEVICE CLASS RTOS Condition cause : null
2024-09-20 13:25:54,009 [WARN] ConditionMgr:437 - getConditionDescription Invalid condition id : UX DEVICE CLASS RTOS Condition cause : null
2024-09-20 13:25:54,009 [WARN] PackLoader:238 - Cannot read IP mode file for STMicroelectronics.X-CUBE-AZRTOS-WB.2.0.0
2024-09-20 13:25:54,009 [WARN] ConditionMgr:1038 - genDependencies : Invalid condition id : UX DEVICE CLASS RTOS Condition cause : null
2024-09-20 13:25:54,009 [WARN] ConditionMgr:1038 - genDependencies : Invalid condition id : UX DEVICE CLASS RTOS Condition cause : null
2024-09-20 13:25:54,009 [WARN] ConditionMgr:1038 - genDependencies : Invalid condition id : UX DEVICE CLASS RTOS Condition cause : null
2024-09-20 13:25:54,009 [WARN] ConditionMgr:1038 - genDependencies : Invalid condition id : UX DEVICE CLASS RTOS Condition cause : null
2024-09-20 13:25:54,009 [WARN] ConditionMgr:1038 - genDependencies : Invalid condition id : UX DEVICE CLASS RTOS Condition cause : null
2024-09-20 13:25:54,026 [WARN] PackLoader:238 - Cannot read IP mode file for STMicroelectronics.X-CUBE-GNSS1.7.0.0
2024-09-20 13:25:54,046 [WARN] PackLoader:238 - Cannot read IP mode file for STMicroelectronics.X-CUBE-BLEMGR.1.0.0
2024-09-20 13:25:54,056 [ERROR] Engine:463 - C:\Users\84388\.stm32cubemx\thirdparties\pdsc\STMicroelectronics.FP-SNS-STBOX1.2.0.0.pdsc: PDSC version is not supported
2024-09-20 13:25:54,086 [WARN] PackLoader:238 - Cannot read IP mode file for STMicroelectronics.X-CUBE-SUBG2.5.0.0
2024-09-20 13:25:54,109 [ERROR] DbBoards:189 - Image file not found for board NUCLEO-F413ZH: C:\Users\84388\STM32CubeIDE_1.7.0\STM32CubeIDE\plugins\com.st.stm32cube.common.mx_6.3.0.202107141111\\db\/plugins/mcufinder/images/boards/nucleo-f413zh_small.jpg
2024-09-20 13:25:54,109 [ERROR] Engine:463 - C:\Users\84388\.stm32cubemx\thirdparties\pdsc\Cesanta.I-CUBE-Mongoose.7.13.0.pdsc: PDSC version is not supported
2024-09-20 13:25:54,136 [WARN] PackLoader:238 - Cannot read IP mode file for STMicroelectronics.X-CUBE-AZRTOS-G4.2.0.0
2024-09-20 13:25:54,156 [WARN] PackLoader:238 - Cannot read IP mode file for STMicroelectronics.FP-ATR-ASTRA1.1.1.1
2024-09-20 13:25:54,194 [WARN] PackLoader:238 - Cannot read IP mode file for STMicroelectronics.X-CUBE-AZRTOS-G4.1.0.0
2024-09-20 13:25:54,241 [WARN] PackLoader:238 - Cannot read IP mode file for STMicroelectronics.X-CUBE-AZRTOS-L4.1.0.0
2024-09-20 13:25:54,257 [WARN] PackLoader:238 - Cannot read IP mode file for STMicroelectronics.X-CUBE-ISPU.2.0.0
2024-09-20 13:25:54,272 [ERROR] Engine:463 - C:\Users\84388\.stm32cubemx\thirdparties\pdsc\STMicroelectronics.X-CUBE-ALS.1.0.2.pdsc: PDSC version is not supported
2024-09-20 13:25:54,276 [WARN] PackLoader:238 - Cannot read IP mode file for STMicroelectronics.X-CUBE-TOUCHGFX.4.24.0
2024-09-20 13:25:54,310 [WARN] PackLoader:238 - Cannot read IP mode file for STMicroelectronics.X-CUBE-AZRTOS-WL.1.0.0
2024-09-20 13:25:54,327 [WARN] PackLoader:238 - Cannot read IP mode file for wolfSSL.I-CUBE-wolfTPM.3.4.0
2024-09-20 13:25:54,336 [WARN] PackLoader:238 - Cannot read IP mode file for portGmbH.I-Cube-SoM-uGOAL.1.1.0
2024-09-20 13:25:54,356 [WARN] PackLoader:238 - Cannot read IP mode file for STMicroelectronics.X-CUBE-ALS.1.0.1
2024-09-20 13:25:54,361 [ERROR] DbBoards:189 - Image file not found for board NUCLEO-L552ZE-Q: C:\Users\84388\STM32CubeIDE_1.7.0\STM32CubeIDE\plugins\com.st.stm32cube.common.mx_6.3.0.202107141111\\db\/plugins/mcufinder/images/boards/nucleo_l552ze_q_small.jpg
2024-09-20 13:25:54,361 [ERROR] DbBoards:189 - Image file not found for board NUCLEO-U575ZI-Q: C:\Users\84388\STM32CubeIDE_1.7.0\STM32CubeIDE\plugins\com.st.stm32cube.common.mx_6.3.0.202107141111\\db\/plugins/mcufinder/images/boards/nucleo-u575zi-q_small.jpg
2024-09-20 13:25:54,361 [ERROR] DbBoards:189 - Image file not found for board NUCLEO-WB15CC: C:\Users\84388\STM32CubeIDE_1.7.0\STM32CubeIDE\plugins\com.st.stm32cube.common.mx_6.3.0.202107141111\\db\/plugins/mcufinder/images/boards/nucleo-wb15cc_small.jpg
2024-09-20 13:25:54,361 [ERROR] DbBoards:189 - Image file not found for board NUCLEO-WB55RG: C:\Users\84388\STM32CubeIDE_1.7.0\STM32CubeIDE\plugins\com.st.stm32cube.common.mx_6.3.0.202107141111\\db\/plugins/mcufinder/images/boards/nucleo-wb55rg_small.jpg
2024-09-20 13:25:54,386 [WARN] PackLoader:238 - Cannot read IP mode file for STMicroelectronics.X-CUBE-AZRTOS-L5.1.0.0
2024-09-20 13:25:54,399 [WARN] PackLoader:238 - Cannot read IP mode file for STMicroelectronics.X-CUBE-EEPRMA1.3.1.1
2024-09-20 13:25:54,431 [WARN] PackLoader:238 - Cannot read IP mode file for STMicroelectronics.X-CUBE-AZRTOS-H7RS.1.0.0
2024-09-20 13:25:54,447 [WARN] PackLoader:238 - Cannot read IP mode file for STMicroelectronics.FP-ATR-ASTRA1.2.0.0
2024-09-20 13:25:54,466 [ERROR] Engine:463 - C:\Users\84388\.stm32cubemx\thirdparties\pdsc\STMicroelectronics.X-CUBE-TOF1.3.4.2.pdsc: PDSC version is not supported
2024-09-20 13:25:54,486 [ERROR] Engine:463 - C:\Users\84388\.stm32cubemx\thirdparties\pdsc\Infineon.AIROC-Wi-Fi-Bluetooth-STM32.1.6.1.pdsc: PDSC version is not supported
2024-09-20 13:25:54,496 [WARN] PackLoader:238 - Cannot read IP mode file for wolfSSL.I-CUBE-wolfSSH.1.4.17
2024-09-20 13:25:54,496 [INFO] ThirdParty:915 - Integrity check success = true
2024-09-20 13:25:54,496 [INFO] IntegrityCheckThread:94 - exiting critical section [integrity check]
2024-09-20 13:25:54,496 [INFO] IntegrityCheckThread:97 - End integrity checks thread
2024-09-20 13:25:55,586 [INFO] ApiDb:251 - Load user favorites file C:\Users\84388/.stm32cubeide/favorites.boards.txt: 0 item(s)
2024-09-20 13:25:55,586 [INFO] ApiDb:255 - User favorites Boards=[]
2024-09-20 13:25:55,586 [INFO] DbBoards:206 - Set 0 / 0 favorites Boards
2024-09-20 13:26:25,589 [INFO] DbMcusDocs:143 - JSON generation date=Tue Nov 16 23:17:54 ICT 2021 (1637079474)
2024-09-20 13:26:26,066 [INFO] DbMcusDocs:79 - Found 682 MCUs documents
2024-09-20 13:26:58,846 [INFO] MainUpdater:2671 - connection check result : 10
2024-09-20 13:26:58,846 [INFO] MainUpdater:2671 - connection check result : 10
2024-09-20 13:26:58,910 [INFO] MicroXplorer:448 - Change Database Path : 
2024-09-20 13:26:58,910 [INFO] MicroXplorer:478 - Change Database Version : DB.6.0.30
2024-09-20 13:26:58,910 [WARN] ThirdParty:813 - waiting for thirdparty lock release [close project]
2024-09-20 13:26:58,910 [INFO] ThirdParty:815 - entering critical section [close project]
2024-09-20 13:26:58,910 [INFO] ThirdParty:825 - exiting critical section [close project]
2024-09-20 13:26:58,916 [INFO] PinOutPanel:1463 - setPackage(No Configuration,No Configuration)
2024-09-20 13:26:58,916 [INFO] UtilMem:74 - Begin LoadConfig() Used Memory: 589831560 Bytes (691011584)
2024-09-20 13:26:58,916 [INFO] MicroXplorer:448 - Change Database Path : 
2024-09-20 13:26:58,916 [INFO] MicroXplorer:478 - Change Database Version : DB.6.0.30
2024-09-20 13:26:58,916 [INFO] OpenFileManager:313 - Change cursor
2024-09-20 13:26:59,951 [INFO] Context:592 - Trying to add GPIOservice into a context  which must be forbidden
2024-09-20 13:27:00,211 [INFO] ImportTextPane:167 - (OptionalMessage_ERROR) Unable to find key (Mcu.ThirdPartyNb) in loaded IOC file
2024-09-20 13:27:00,211 [INFO] ImportTextPane:167 - (OptionalMessage_ERROR) Unable to find key (Mcu.PinsNb) in loaded IOC file
2024-09-20 13:27:00,211 [INFO] ImportTextPane:167 - (OptionalMessage_ERROR) Unable to find key (Mcu.IPNb) in loaded IOC file
2024-09-20 13:27:00,256 [WARN] ApiManager:304 - Cannot register API 'Board Extension:GNSS1A1' from pack STMicroelectronics.X-CUBE-GNSS1.6.0.0: no header file found
2024-09-20 13:27:00,256 [WARN] ApiManager:304 - Cannot register API 'Board Support:Custom' from pack STMicroelectronics.X-CUBE-GNSS1.6.0.0: no header file found
2024-09-20 13:27:00,256 [WARN] ApiManager:304 - Cannot register API 'Data Exchange:lib_gnss' from pack STMicroelectronics.X-CUBE-GNSS1.6.0.0: no header file found
2024-09-20 13:27:00,261 [WARN] ApiManager:304 - Cannot register API 'Board Extension:GNSS1A1' from pack STMicroelectronics.X-CUBE-GNSS1.7.0.0: no header file found
2024-09-20 13:27:00,261 [WARN] ApiManager:304 - Cannot register API 'Board Support:Custom' from pack STMicroelectronics.X-CUBE-GNSS1.7.0.0: no header file found
2024-09-20 13:27:00,261 [WARN] ApiManager:304 - Cannot register API 'Data Exchange:lib_gnss' from pack STMicroelectronics.X-CUBE-GNSS1.7.0.0: no header file found
2024-09-20 13:27:00,269 [WARN] ApiManager:304 - Cannot register API 'Board Extension:NFC06A1' from pack STMicroelectronics.X-CUBE-NFC6.3.1.0: no header file found
2024-09-20 13:27:00,269 [WARN] ApiManager:304 - Cannot register API 'Board Extension:NFC08A1' from pack STMicroelectronics.X-CUBE-NFC6.3.1.0: no header file found
2024-09-20 13:27:00,269 [WARN] ApiManager:304 - Cannot register API 'Wireless:BlueNRG-MS' from pack STMicroelectronics.X-CUBE-BLE1.6.2.3: no header file found
2024-09-20 13:27:00,547 [WARN] ApiManager:304 - Cannot register API 'Board Extension:IKS01A3' from pack STMicroelectronics.X-CUBE-MEMS1.11.0.0: no header file found
2024-09-20 13:27:00,547 [WARN] ApiManager:304 - Cannot register API 'Board Extension:IKS02A1' from pack STMicroelectronics.X-CUBE-MEMS1.11.0.0: no header file found
2024-09-20 13:27:00,547 [WARN] ApiManager:304 - Cannot register API 'Board Extension:IKS4A1' from pack STMicroelectronics.X-CUBE-MEMS1.11.0.0: no header file found
2024-09-20 13:27:00,556 [INFO] RtosManager:484 - Registered RTOS mode: class=CMSIS, group=RTOS, mode=CMSIS_V1, owner=FREERTOS
2024-09-20 13:27:00,556 [INFO] RtosManager:484 - Registered RTOS mode: class=CMSIS, group=RTOS2, mode=CMSIS_V2, owner=FREERTOS
2024-09-20 13:27:00,556 [INFO] RtosManager:484 - Registered RTOS mode: class=RTOS, group=Core, mode=CMSIS_V1, owner=FREERTOS
2024-09-20 13:27:00,556 [INFO] RtosManager:484 - Registered RTOS mode: class=RTOS, group=Core, mode=CMSIS_V2, owner=FREERTOS
2024-09-20 13:27:00,556 [WARN] ModelIntegratedComponent:181 - Missing modes for component STMicroelectronics:FreeRTOS:0.0.1:STMicroelectronics:RTOS:FreeRTOS:Core:::10.2.0:
2024-09-20 13:27:00,556 [WARN] ApiManager:304 - Cannot register API 'Board Extension:STSAFEA1' from pack STMicroelectronics.X-CUBE-SAFEA1.1.2.2: no header file found
2024-09-20 13:27:00,556 [WARN] ApiManager:304 - Cannot register API 'Board Part:STSAFEA110' from pack STMicroelectronics.X-CUBE-SAFEA1.1.2.2: no header file found
2024-09-20 13:27:00,556 [WARN] ApiManager:304 - Cannot register API 'Security:ST_Cryptolib' from pack STMicroelectronics.X-CUBE-SAFEA1.1.2.2: no header file found
2024-09-20 13:27:00,556 [WARN] ApiManager:304 - Cannot register API 'Security:MbedTLS' from pack STMicroelectronics.X-CUBE-SAFEA1.1.2.2: no header file found
2024-09-20 13:27:00,563 [WARN] ApiManager:304 - Cannot register API 'Board Extension:NFC04A1' from pack STMicroelectronics.X-CUBE-NFC4.3.0.0: no header file found
2024-09-20 13:27:00,569 [WARN] ApiManager:304 - Cannot register API 'Board Extension:S2868A1' from pack STMicroelectronics.X-CUBE-SUBG2.5.0.0: no header file found
2024-09-20 13:27:00,569 [WARN] ApiManager:304 - Cannot register API 'Board Extension:S2868A2' from pack STMicroelectronics.X-CUBE-SUBG2.5.0.0: no header file found
2024-09-20 13:27:00,569 [WARN] ApiManager:304 - Cannot register API 'Board Extension:S2915A1' from pack STMicroelectronics.X-CUBE-SUBG2.5.0.0: no header file found
2024-09-20 13:27:00,569 [WARN] ApiManager:304 - Cannot register API 'Board Extension:NFC04A1' from pack STMicroelectronics.X-CUBE-NFC4.2.0.5: no header file found
2024-09-20 13:27:00,569 [WARN] ApiManager:304 - Cannot register API 'Board Extension:NFC04A1' from pack STMicroelectronics.X-CUBE-NFC4.2.0.4: no header file found
2024-09-20 13:27:00,569 [WARN] ApiManager:304 - Cannot register API 'Wireless:BlueNRG-MS' from pack STMicroelectronics.X-CUBE-BLE1.7.0.0: no header file found
2024-09-20 13:27:00,579 [WARN] ApiManager:304 - Cannot register API 'Board Extension:EEPRMA2' from pack STMicroelectronics.X-CUBE-EEPRMA1.5.1.0: no header file found
2024-09-20 13:27:00,579 [WARN] ApiManager:304 - Cannot register API 'Board Extension:PGEEZ1' from pack STMicroelectronics.X-CUBE-EEPRMA1.5.1.0: no header file found
2024-09-20 13:27:00,579 [WARN] ApiManager:304 - Cannot register API 'Board Extension:EEICA1' from pack STMicroelectronics.X-CUBE-EEPRMA1.5.1.0: no header file found
2024-09-20 13:27:00,579 [WARN] ApiManager:304 - Cannot register API 'Board Part:M24' from pack STMicroelectronics.X-CUBE-EEPRMA1.5.1.0: no header file found
2024-09-20 13:27:00,579 [WARN] ApiManager:304 - Cannot register API 'Board Part:M95' from pack STMicroelectronics.X-CUBE-EEPRMA1.5.1.0: no header file found
2024-09-20 13:27:00,579 [WARN] ApiManager:304 - Cannot register API 'Board Part:M95P32' from pack STMicroelectronics.X-CUBE-EEPRMA1.5.1.0: no header file found
2024-09-20 13:27:00,579 [WARN] ApiManager:304 - Cannot register API 'Board Part:M24256E-F' from pack STMicroelectronics.X-CUBE-EEPRMA1.5.1.0: no header file found
2024-09-20 13:27:00,579 [WARN] ApiManager:304 - Cannot register API 'Board Part:M24M01E-F' from pack STMicroelectronics.X-CUBE-EEPRMA1.5.1.0: no header file found
2024-09-20 13:27:00,579 [WARN] ApiManager:304 - Cannot register API 'PGEEZ1:SPI' from pack STMicroelectronics.X-CUBE-EEPRMA1.5.1.0: no header file found
2024-09-20 13:27:00,579 [WARN] ApiManager:304 - Cannot register API 'PGEEZ1:QDSPI' from pack STMicroelectronics.X-CUBE-EEPRMA1.5.1.0: no header file found
2024-09-20 13:27:00,579 [WARN] ModelIntegratedComponent:60 - No mode defined for component null
2024-09-20 13:27:00,579 [WARN] ModelIntegratedComponent:60 - No mode defined for component null
2024-09-20 13:27:00,579 [WARN] ModelIntegratedComponent:60 - No mode defined for component null
2024-09-20 13:27:00,579 [WARN] ModelIntegratedComponent:60 - No mode defined for component null
2024-09-20 13:27:00,579 [WARN] ModelIntegratedComponent:60 - No mode defined for component null
2024-09-20 13:27:00,579 [WARN] ModelIntegratedComponent:60 - No mode defined for component null
2024-09-20 13:27:00,579 [WARN] ModelIntegratedComponent:60 - No mode defined for component null
2024-09-20 13:27:00,579 [WARN] ModelIntegratedComponent:60 - No mode defined for component null
2024-09-20 13:27:00,579 [WARN] ModelIntegratedComponent:60 - No mode defined for component null
2024-09-20 13:27:00,579 [WARN] ModelIntegratedComponent:60 - No mode defined for component null
2024-09-20 13:27:00,579 [WARN] ModelIntegratedComponent:60 - No mode defined for component null
2024-09-20 13:27:00,579 [WARN] ModelIntegratedComponent:60 - No mode defined for component null
2024-09-20 13:27:00,579 [WARN] ModelIntegratedComponent:60 - No mode defined for component null
2024-09-20 13:27:00,579 [WARN] ModelIntegratedComponent:60 - No mode defined for component null
2024-09-20 13:27:00,579 [WARN] ModelIntegratedComponent:60 - No mode defined for component null
2024-09-20 13:27:00,579 [WARN] ModelIntegratedComponent:60 - No mode defined for component null
2024-09-20 13:27:00,579 [WARN] ModelIntegratedComponent:60 - No mode defined for component null
2024-09-20 13:27:00,579 [WARN] ModelIntegratedComponent:60 - No mode defined for component null
2024-09-20 13:27:00,579 [WARN] ModelIntegratedComponent:60 - No mode defined for component null
2024-09-20 13:27:00,579 [WARN] ModelIntegratedComponent:60 - No mode defined for component null
2024-09-20 13:27:00,579 [WARN] ModelIntegratedComponent:60 - No mode defined for component null
2024-09-20 13:27:00,579 [WARN] ModelIntegratedComponent:60 - No mode defined for component null
2024-09-20 13:27:00,579 [WARN] ModelIntegratedComponent:60 - No mode defined for component null
2024-09-20 13:27:00,579 [WARN] ModelIntegratedComponent:60 - No mode defined for component null
2024-09-20 13:27:00,579 [WARN] ModelIntegratedComponent:60 - No mode defined for component null
2024-09-20 13:27:00,579 [WARN] ModelIntegratedComponent:60 - No mode defined for component null
2024-09-20 13:27:00,579 [WARN] ModelIntegratedComponent:60 - No mode defined for component null
2024-09-20 13:27:00,579 [WARN] ModelIntegratedComponent:60 - No mode defined for component null
2024-09-20 13:27:00,579 [WARN] ModelIntegratedComponent:60 - No mode defined for component null
2024-09-20 13:27:00,586 [WARN] ModelIntegratedComponent:60 - No mode defined for component null
2024-09-20 13:27:00,586 [WARN] ModelIntegratedComponent:60 - No mode defined for component null
2024-09-20 13:27:00,595 [WARN] ApiManager:304 - Cannot register API 'Board Extension:NFC07A1' from pack STMicroelectronics.X-CUBE-NFC7.1.0.1: no header file found
2024-09-20 13:27:00,596 [WARN] ApiManager:304 - Cannot register API 'Board Extension:NFC07A1' from pack STMicroelectronics.X-CUBE-NFC7.1.0.0: no header file found
2024-09-20 13:27:00,826 [WARN] ApiManager:304 - Cannot register API 'Board Extension:IKS01A3' from pack STMicroelectronics.X-CUBE-MEMS1.9.3.0: no header file found
2024-09-20 13:27:00,826 [WARN] ApiManager:304 - Cannot register API 'Board Extension:IKS01A2' from pack STMicroelectronics.X-CUBE-MEMS1.9.3.0: no header file found
2024-09-20 13:27:00,826 [WARN] ApiManager:304 - Cannot register API 'Board Extension:IKS02A1' from pack STMicroelectronics.X-CUBE-MEMS1.9.3.0: no header file found
2024-09-20 13:27:00,836 [WARN] ApiManager:304 - Cannot register API 'Board Extension:EEPRMA1' from pack STMicroelectronics.X-CUBE-EEPRMA1.3.1.1: no header file found
2024-09-20 13:27:00,836 [WARN] ApiManager:304 - Cannot register API 'Board Extension:EEPRMA2' from pack STMicroelectronics.X-CUBE-EEPRMA1.3.1.1: no header file found
2024-09-20 13:27:00,836 [WARN] ApiManager:304 - Cannot register API 'Board Extension:S2868A1' from pack STMicroelectronics.X-CUBE-SFXS2LP1.4.0.0: no header file found
2024-09-20 13:27:00,836 [WARN] ApiManager:304 - Cannot register API 'Board Extension:S2868A2' from pack STMicroelectronics.X-CUBE-SFXS2LP1.4.0.0: no header file found
2024-09-20 13:27:00,836 [WARN] ApiManager:304 - Cannot register API 'Board Extension:S2915A1' from pack STMicroelectronics.X-CUBE-SFXS2LP1.4.0.0: no header file found
2024-09-20 13:27:00,836 [WARN] ApiManager:304 - Cannot register API 'Wireless:BlueNRG-2' from pack STMicroelectronics.X-CUBE-BLE2.3.3.0: no header file found
2024-09-20 13:27:08,870 [INFO] UtilMem:74 - End LoadConfig() Used Memory: 656332192 Bytes (775946240)
2024-09-20 13:27:08,886 [WARN] ThirdParty:779 - waiting for thirdparty lock release [change project]
2024-09-20 13:27:08,886 [INFO] ThirdParty:781 - entering critical section [change project]
2024-09-20 13:27:08,886 [INFO] ThirdParty:967 - CMSIS Pack Vendor :STMicroelectronics X-CUBE-ISPU 1.1.0
2024-09-20 13:27:08,886 [INFO] ThirdParty:967 - CMSIS Pack Vendor :STMicroelectronics X-CUBE-AZRTOS-H7 3.3.0
2024-09-20 13:27:08,886 [INFO] ThirdParty:967 - CMSIS Pack Vendor :RoweBots I-CUBE-UNISONRTOS 5.5.0-4
2024-09-20 13:27:08,886 [INFO] ThirdParty:967 - CMSIS Pack Vendor :STMicroelectronics X-CUBE-GNSS1 6.0.0
2024-09-20 13:27:08,886 [INFO] ThirdParty:967 - CMSIS Pack Vendor :STMicroelectronics X-CUBE-AZRTOS-H7 2.1.0
2024-09-20 13:27:08,886 [INFO] ThirdParty:967 - CMSIS Pack Vendor :STMicroelectronics USB_HOST 2.0.0
2024-09-20 13:27:08,886 [INFO] ThirdParty:967 - CMSIS Pack Vendor :STMicroelectronics X-CUBE-AZRTOS-F4 1.1.0
2024-09-20 13:27:08,886 [INFO] ThirdParty:967 - CMSIS Pack Vendor :STMicroelectronics USB_DEVICE 3.0.0
2024-09-20 13:27:08,886 [INFO] ThirdParty:967 - CMSIS Pack Vendor :STMicroelectronics X-CUBE-AZRTOS-WB 2.0.0
2024-09-20 13:27:08,886 [INFO] ThirdParty:967 - CMSIS Pack Vendor :STMicroelectronics X-CUBE-GNSS1 7.0.0
2024-09-20 13:27:08,886 [INFO] ThirdParty:967 - CMSIS Pack Vendor :STMicroelectronics X-CUBE-BLEMGR 1.0.0
2024-09-20 13:27:08,886 [INFO] ThirdParty:967 - CMSIS Pack Vendor :STMicroelectronics X-CUBE-BLEMGR 1.2.0
2024-09-20 13:27:08,886 [INFO] ThirdParty:967 - CMSIS Pack Vendor :STMicroelectronics X-CUBE-AZRTOS-F7 1.1.0
2024-09-20 13:27:08,886 [INFO] ThirdParty:967 - CMSIS Pack Vendor :STMicroelectronics X-CUBE-AZRTOS-L5 2.0.0
2024-09-20 13:27:08,886 [INFO] ThirdParty:967 - CMSIS Pack Vendor :STMicroelectronics USB_DEVICE 2.0.0
2024-09-20 13:27:08,886 [INFO] ThirdParty:967 - CMSIS Pack Vendor :STMicroelectronics X-CUBE-AI 7.3.0
2024-09-20 13:27:08,886 [INFO] ThirdParty:967 - CMSIS Pack Vendor :STMicroelectronics X-CUBE-NFC6 3.1.0
2024-09-20 13:27:08,886 [INFO] ThirdParty:967 - CMSIS Pack Vendor :STMicroelectronics X-CUBE-BLE1 6.2.3
2024-09-20 13:27:08,886 [INFO] ThirdParty:967 - CMSIS Pack Vendor :STMicroelectronics X-CUBE-ALGOBUILD 1.3.0
2024-09-20 13:27:08,886 [INFO] ThirdParty:967 - CMSIS Pack Vendor :STMicroelectronics X-CUBE-MEMS1 11.0.0
2024-09-20 13:27:08,886 [INFO] ThirdParty:967 - CMSIS Pack Vendor :STMicroelectronics FreeRTOS 0.0.1
2024-09-20 13:27:08,886 [INFO] ThirdParty:967 - CMSIS Pack Vendor :STMicroelectronics X-CUBE-AZRTOS-G0 1.1.0
2024-09-20 13:27:08,886 [INFO] ThirdParty:967 - CMSIS Pack Vendor :STMicroelectronics X-CUBE-SAFEA1 1.2.2
2024-09-20 13:27:08,886 [INFO] ThirdParty:967 - CMSIS Pack Vendor :STMicroelectronics X-CUBE-NFC4 3.0.0
2024-09-20 13:27:08,886 [INFO] ThirdParty:967 - CMSIS Pack Vendor :SEGGER I-CUBE-embOS 1.2.0
2024-09-20 13:27:08,886 [INFO] ThirdParty:967 - CMSIS Pack Vendor :STMicroelectronics X-CUBE-SUBG2 5.0.0
2024-09-20 13:27:08,886 [INFO] ThirdParty:967 - CMSIS Pack Vendor :STMicroelectronics lwIP 2.0.3
2024-09-20 13:27:08,886 [INFO] ThirdParty:967 - CMSIS Pack Vendor :STMicroelectronics X-CUBE-NFC4 2.0.5
2024-09-20 13:27:08,886 [INFO] ThirdParty:967 - CMSIS Pack Vendor :STMicroelectronics X-CUBE-NFC4 2.0.4
2024-09-20 13:27:08,886 [INFO] ThirdParty:967 - CMSIS Pack Vendor :STMicroelectronics USB_HOST 1.0.0
2024-09-20 13:27:08,886 [INFO] ThirdParty:967 - CMSIS Pack Vendor :STMicroelectronics X-CUBE-AI 9.0.0
2024-09-20 13:27:08,886 [INFO] ThirdParty:967 - CMSIS Pack Vendor :STMicroelectronics X-CUBE-AZRTOS-G4 2.0.0
2024-09-20 13:27:08,886 [INFO] ThirdParty:967 - CMSIS Pack Vendor :STMicroelectronics PDM2PCM 3.1.0
2024-09-20 13:27:08,886 [INFO] ThirdParty:967 - CMSIS Pack Vendor :STMicroelectronics FP-ATR-ASTRA1 1.1.1
2024-09-20 13:27:08,886 [INFO] ThirdParty:967 - CMSIS Pack Vendor :STMicroelectronics PDM2PCM 3.3.0
2024-09-20 13:27:08,886 [INFO] ThirdParty:967 - CMSIS Pack Vendor :STMicroelectronics X-CUBE-TOF1 3.1.0
2024-09-20 13:27:08,886 [INFO] ThirdParty:967 - CMSIS Pack Vendor :STMicroelectronics X-CUBE-BLE1 7.0.0
2024-09-20 13:27:08,886 [INFO] ThirdParty:967 - CMSIS Pack Vendor :STMicroelectronics FP-ATR-SIGFOX1 3.2.0
2024-09-20 13:27:08,886 [INFO] ThirdParty:967 - CMSIS Pack Vendor :STMicroelectronics X-CUBE-AZRTOS-G4 1.0.0
2024-09-20 13:27:08,886 [INFO] ThirdParty:967 - CMSIS Pack Vendor :STMicroelectronics X-CUBE-AZRTOS-L4 1.0.0
2024-09-20 13:27:08,886 [INFO] ThirdParty:967 - CMSIS Pack Vendor :STMicroelectronics X-CUBE-ISPU 2.0.0
2024-09-20 13:27:08,886 [INFO] ThirdParty:967 - CMSIS Pack Vendor :wolfSSL I-CUBE-wolfSSL 5.5.0
2024-09-20 13:27:08,886 [INFO] ThirdParty:967 - CMSIS Pack Vendor :STMicroelectronics X-CUBE-EEPRMA1 5.1.0
2024-09-20 13:27:08,886 [INFO] ThirdParty:967 - CMSIS Pack Vendor :STMicroelectronics HAL Drivers 0.0.0
2024-09-20 13:27:08,886 [INFO] ThirdParty:967 - CMSIS Pack Vendor :STMicroelectronics MBEDTLS 2.16.2
2024-09-20 13:27:08,886 [INFO] ThirdParty:967 - CMSIS Pack Vendor :emotas I-CUBE-CANOPEN 1.1.2
2024-09-20 13:27:08,886 [INFO] ThirdParty:967 - CMSIS Pack Vendor :STMicroelectronics X-CUBE-TOUCHGFX 4.20.0
2024-09-20 13:27:08,886 [INFO] ThirdParty:967 - CMSIS Pack Vendor :STMicroelectronics X-CUBE-NFC7 1.0.1
2024-09-20 13:27:08,886 [INFO] ThirdParty:967 - CMSIS Pack Vendor :STMicroelectronics MBEDTLS 2.14.1
2024-09-20 13:27:08,886 [INFO] ThirdParty:967 - CMSIS Pack Vendor :STMicroelectronics X-CUBE-NFC7 1.0.0
2024-09-20 13:27:08,886 [INFO] ThirdParty:967 - CMSIS Pack Vendor :STMicroelectronics X-CUBE-TOUCHGFX 4.24.0
2024-09-20 13:27:08,886 [INFO] ThirdParty:967 - CMSIS Pack Vendor :STMicroelectronics X-CUBE-AZRTOS-WL 1.0.0
2024-09-20 13:27:08,886 [INFO] ThirdParty:967 - CMSIS Pack Vendor :wolfSSL I-CUBE-wolfTPM 3.4.0
2024-09-20 13:27:08,886 [INFO] ThirdParty:967 - CMSIS Pack Vendor :STMicroelectronics X-CUBE-MEMS1 9.3.0
2024-09-20 13:27:08,886 [INFO] ThirdParty:967 - CMSIS Pack Vendor :portGmbH I-Cube-SoM-uGOAL 1.1.0
2024-09-20 13:27:08,886 [INFO] ThirdParty:967 - CMSIS Pack Vendor :STMicroelectronics X-CUBE-ALS 1.0.1
2024-09-20 13:27:08,886 [INFO] ThirdParty:967 - CMSIS Pack Vendor :STMicroelectronics X-CUBE-AI 7.2.0
2024-09-20 13:27:08,886 [INFO] ThirdParty:967 - CMSIS Pack Vendor :STMicroelectronics X-CUBE-AZRTOS-WL 2.0.0
2024-09-20 13:27:08,886 [INFO] ThirdParty:967 - CMSIS Pack Vendor :SEGGER I-CUBE-embOS 1.3.1
2024-09-20 13:27:08,886 [INFO] ThirdParty:967 - CMSIS Pack Vendor :STMicroelectronics X-CUBE-ALGOBUILD 1.4.0
2024-09-20 13:27:08,886 [INFO] ThirdParty:967 - CMSIS Pack Vendor :STMicroelectronics X-CUBE-AZRTOS-L5 1.0.0
2024-09-20 13:27:08,886 [INFO] ThirdParty:967 - CMSIS Pack Vendor :STMicroelectronics USB_DEVICE 1.0.0
2024-09-20 13:27:08,886 [INFO] ThirdParty:967 - CMSIS Pack Vendor :STMicroelectronics X-CUBE-EEPRMA1 3.1.1
2024-09-20 13:27:08,886 [INFO] ThirdParty:967 - CMSIS Pack Vendor :STMicroelectronics X-CUBE-AZRTOS-H7RS 1.0.0
2024-09-20 13:27:08,886 [INFO] ThirdParty:967 - CMSIS Pack Vendor :wolfSSL I-CUBE-wolfMQTT 1.19.0
2024-09-20 13:27:08,886 [INFO] ThirdParty:967 - CMSIS Pack Vendor :STMicroelectronics X-CUBE-AZRTOS-L4 2.0.0
2024-09-20 13:27:08,886 [INFO] ThirdParty:967 - CMSIS Pack Vendor :STMicroelectronics ThreadX 0.0.2
2024-09-20 13:27:08,886 [INFO] ThirdParty:967 - CMSIS Pack Vendor :WES I-CUBE-Cesium 1.3.0
2024-09-20 13:27:08,886 [INFO] ThirdParty:967 - CMSIS Pack Vendor :STMicroelectronics FP-ATR-ASTRA1 2.0.0
2024-09-20 13:27:08,886 [INFO] ThirdParty:967 - CMSIS Pack Vendor :STMicroelectronics lwIP 2.1.2
2024-09-20 13:27:08,886 [INFO] ThirdParty:967 - CMSIS Pack Vendor :STMicroelectronics X-CUBE-SFXS2LP1 4.0.0
2024-09-20 13:27:08,886 [INFO] ThirdParty:967 - CMSIS Pack Vendor :STMicroelectronics X-CUBE-BLE2 3.3.0
2024-09-20 13:27:08,886 [INFO] ThirdParty:967 - CMSIS Pack Vendor :STMicroelectronics X-CUBE-DISPLAY 2.2.0
2024-09-20 13:27:08,886 [INFO] ThirdParty:967 - CMSIS Pack Vendor :STMicroelectronics X-CUBE-TOF1 3.2.0
2024-09-20 13:27:08,886 [INFO] ThirdParty:967 - CMSIS Pack Vendor :STMicroelectronics PDM2PCM 3.2.0
2024-09-20 13:27:08,886 [INFO] ThirdParty:967 - CMSIS Pack Vendor :wolfSSL I-CUBE-wolfSSH 1.4.17
2024-09-20 13:27:08,886 [INFO] ThirdParty:967 - CMSIS Pack Vendor :STMicroelectronics X-CUBE-ISPU 1.0.0
2024-09-20 13:27:08,886 [INFO] ThirdParty:787 - exiting critical section [change project]
2024-09-20 13:27:09,139 [INFO] PinOutPanel:1463 - setPackage(No Configuration,No Configuration)
2024-09-20 13:27:09,139 [INFO] PinOutPanel:1463 - setPackage(STM32F103C6Ux,UFQFPN48)
2024-09-20 13:27:09,526 [INFO] UtilMem:74 - Before build in PCC Used Memory: 652767456 Bytes (804257792)
2024-09-20 13:27:10,226 [INFO] UtilMem:74 - After build in PCC Used Memory: 676090400 Bytes (804257792)
2024-09-20 13:27:10,246 [INFO] IPUIPlugin:74 - create IPUIPlugin
2024-09-20 13:27:10,246 [INFO] IPUIPlugin:74 - create IPUIPlugin
2024-09-20 13:27:10,246 [INFO] IPUIPlugin:74 - create IPUIPlugin
2024-09-20 13:27:10,246 [INFO] IPUIPlugin:74 - create IPUIPlugin
2024-09-20 13:27:10,246 [INFO] IPUIPlugin:74 - create IPUIPlugin
2024-09-20 13:27:10,246 [INFO] IPUIPlugin:74 - create IPUIPlugin
2024-09-20 13:27:10,246 [INFO] IPUIPlugin:74 - create IPUIPlugin
2024-09-20 13:27:10,246 [INFO] IPUIPlugin:74 - create IPUIPlugin
2024-09-20 13:27:10,246 [INFO] IPUIPlugin:74 - create IPUIPlugin
2024-09-20 13:27:10,246 [INFO] IPUIPlugin:74 - create IPUIPlugin
2024-09-20 13:27:10,246 [INFO] IPUIPlugin:74 - create IPUIPlugin
2024-09-20 13:27:10,246 [INFO] IPUIPlugin:74 - create IPUIPlugin
2024-09-20 13:27:10,246 [INFO] IPUIPlugin:74 - create IPUIPlugin
2024-09-20 13:27:10,246 [INFO] IPUIPlugin:74 - create IPUIPlugin
2024-09-20 13:27:10,246 [INFO] IPUIPlugin:74 - create IPUIPlugin
2024-09-20 13:27:10,246 [INFO] IPUIPlugin:74 - create IPUIPlugin
2024-09-20 13:27:10,246 [INFO] IPUIPlugin:74 - create IPUIPlugin
2024-09-20 13:27:10,246 [INFO] IPUIPlugin:74 - create IPUIPlugin
2024-09-20 13:27:10,246 [INFO] IPUIPlugin:74 - create IPUIPlugin
2024-09-20 13:27:10,246 [INFO] IPUIPlugin:74 - create IPUIPlugin
2024-09-20 13:27:10,246 [INFO] IPUIPlugin:74 - create IPUIPlugin
2024-09-20 13:27:10,252 [INFO] IPUIPlugin:74 - create IPUIPlugin
2024-09-20 13:27:10,252 [INFO] IPUIPlugin:74 - create IPUIPlugin
2024-09-20 13:27:10,347 [INFO] OpenFileManager:333 - Restore cursor
2024-09-20 13:27:10,626 [INFO] UtilMem:74 - End SaveConfig() Used Memory: 690847592 Bytes (804257792)
2024-09-20 13:27:10,682 [INFO] UtilMem:74 - End SaveConfig() Used Memory: 703429768 Bytes (804257792)
2024-09-20 13:27:11,041 [INFO] BlockDiagram:2740 - set Specific Code input for plugin: NVIC
2024-09-20 13:27:11,041 [INFO] BlockDiagram:2740 - set Specific Code input for plugin: SYS
2024-09-20 13:27:11,046 [INFO] BlockDiagram:2740 - set Specific Code input for plugin: RCC
2024-09-20 13:27:11,046 [INFO] CodeGenerator:663 - code generatio: config db path: C:\Users\84388\STM32CubeIDE_1.7.0\STM32CubeIDE\plugins\com.st.stm32cube.common.mx_6.3.0.202107141111\\db\
2024-09-20 13:27:11,451 [INFO] CodeEngine:239 - oldGeneratedFile, D:\VXL_241\STM32_LAB1\LAB1\MXTmpFiles\license.tmp_save
2024-09-20 13:27:11,811 [INFO] CodeEngine:257 - Generated code: D:\VXL_241\STM32_LAB1\LAB1\MXTmpFiles\license.tmp
2024-09-20 13:27:11,946 [INFO] CodeEngine:239 - oldGeneratedFile, D:\VXL_241\STM32_LAB1\LAB1\Core\Src\stm32f1xx_it.c_save
2024-09-20 13:27:12,129 [INFO] CodeEngine:257 - Generated code: D:\VXL_241\STM32_LAB1\LAB1\Core\Src\stm32f1xx_it.c
2024-09-20 13:27:12,146 [INFO] CodeEngine:239 - oldGeneratedFile, D:\VXL_241\STM32_LAB1\LAB1\Core\Inc\stm32f1xx_it.h_save
2024-09-20 13:27:12,261 [INFO] CodeEngine:257 - Generated code: D:\VXL_241\STM32_LAB1\LAB1\Core\Inc\stm32f1xx_it.h
2024-09-20 13:27:12,286 [INFO] CodeEngine:239 - oldGeneratedFile, D:\VXL_241\STM32_LAB1\LAB1\Core\Src\stm32f1xx_hal_msp.c_save
2024-09-20 13:27:12,426 [INFO] CodeEngine:257 - Generated code: D:\VXL_241\STM32_LAB1\LAB1\Core\Src\stm32f1xx_hal_msp.c
2024-09-20 13:27:12,436 [INFO] CodeEngine:239 - oldGeneratedFile, D:\VXL_241\STM32_LAB1\LAB1\MXTmpFiles\system.tmp_save
2024-09-20 13:27:12,578 [INFO] CodeEngine:257 - Generated code: D:\VXL_241\STM32_LAB1\LAB1\MXTmpFiles\system.tmp
2024-09-20 13:27:12,601 [INFO] CodeEngine:239 - oldGeneratedFile, D:\VXL_241\STM32_LAB1\LAB1\Core\Inc\stm32f1xx_hal_conf.h_save
2024-09-20 13:27:12,731 [INFO] CodeEngine:257 - Generated code: D:\VXL_241\STM32_LAB1\LAB1\Core\Inc\stm32f1xx_hal_conf.h
2024-09-20 13:27:12,806 [INFO] CodeEngine:239 - oldGeneratedFile, D:\VXL_241\STM32_LAB1\LAB1\Core\Inc\main.h_save
2024-09-20 13:27:12,909 [INFO] CodeEngine:257 - Generated code: D:\VXL_241\STM32_LAB1\LAB1\Core\Inc\main.h
2024-09-20 13:27:12,921 [INFO] CodeEngine:239 - oldGeneratedFile, D:\VXL_241\STM32_LAB1\LAB1\Core\Src\main.c_save
2024-09-20 13:27:13,026 [INFO] CodeEngine:257 - Generated code: D:\VXL_241\STM32_LAB1\LAB1\Core\Src\main.c
2024-09-20 13:27:14,046 [INFO] ProjectBuilder:2578 - Time for Copy HAL[1] : 110mS.
2024-09-20 13:27:14,057 [INFO] ProjectBuilder:3622 - Project Generator version: 3.14.1
2024-09-20 13:27:14,666 [INFO] ConfigFileManager:1271 - The Die is : DIE412
2024-09-20 13:27:14,701 [INFO] ApiDbMcu:468 - Load IP Config File for FATFS
2024-09-20 13:27:14,746 [INFO] ApiDbMcu:468 - Load IP Config File for FREERTOS
2024-09-20 13:27:14,779 [INFO] ApiDbMcu:468 - Load IP Config File for USB_DEVICE
2024-09-20 13:27:21,396 [INFO] ProjectBuilder:3789 - Time for Generating toolchain IDE Files: 7339mS.
2024-09-20 13:27:21,396 [INFO] ProjectBuilder:2457 - Time for Copy CMSIS : 0mS.
2024-09-20 13:27:21,396 [INFO] ProjectBuilder:2457 - Time for Copy CMSIS : 0mS.
2024-09-20 13:27:22,276 [INFO] McuFinderGlobals:52 - Set McuFinderConnectedMode to true
2024-09-20 13:27:22,276 [INFO] ApiDb:276 - Save user favorites file C:\Users\84388/.stm32cubeide/favorites.mcus.txt: 0 item(s)
2024-09-20 13:27:22,276 [INFO] ApiDb:280 - User favorites MCUs=[]
2024-09-20 13:28:41,571 [INFO] Gpio:254 - dependency for GPIO []
2024-09-20 13:31:13,965 [INFO] UtilMem:74 - End SaveConfig() Used Memory: 931824968 Bytes (1069547520)
2024-09-20 13:31:15,535 [INFO] UtilMem:74 - End SaveConfig() Used Memory: 950884136 Bytes (1069547520)
2024-09-20 13:31:17,965 [INFO] UtilMem:74 - End SaveConfig() Used Memory: 865877432 Bytes (1069547520)
2024-09-20 13:31:18,365 [INFO] BlockDiagram:2740 - set Specific Code input for plugin: NVIC
2024-09-20 13:31:18,365 [INFO] BlockDiagram:2740 - set Specific Code input for plugin: SYS
2024-09-20 13:31:18,365 [INFO] BlockDiagram:2740 - set Specific Code input for plugin: GPIO
2024-09-20 13:31:18,365 [INFO] BlockDiagram:2740 - set Specific Code input for plugin: RCC
2024-09-20 13:31:18,365 [INFO] CodeGenerator:663 - code generatio: config db path: C:\Users\84388\STM32CubeIDE_1.7.0\STM32CubeIDE\plugins\com.st.stm32cube.common.mx_6.3.0.202107141111\\db\
2024-09-20 13:31:18,776 [INFO] CodeEngine:239 - oldGeneratedFile, D:\VXL_241\STM32_LAB1\LAB1\MXTmpFiles\license.tmp_save
2024-09-20 13:31:18,865 [INFO] CodeEngine:257 - Generated code: D:\VXL_241\STM32_LAB1\LAB1\MXTmpFiles\license.tmp
2024-09-20 13:31:19,031 [INFO] CodeEngine:239 - oldGeneratedFile, D:\VXL_241\STM32_LAB1\LAB1\MXTmpFiles\gpio.tmp_save
2024-09-20 13:31:19,105 [INFO] CodeEngine:257 - Generated code: D:\VXL_241\STM32_LAB1\LAB1\MXTmpFiles\gpio.tmp
2024-09-20 13:31:19,175 [INFO] CodeEngine:239 - oldGeneratedFile, D:\VXL_241\STM32_LAB1\LAB1\Core\Src\stm32f1xx_it.c_save
2024-09-20 13:31:19,265 [INFO] CodeEngine:257 - Generated code: D:\VXL_241\STM32_LAB1\LAB1\Core\Src\stm32f1xx_it.c
2024-09-20 13:31:19,270 [INFO] CodeEngine:239 - oldGeneratedFile, D:\VXL_241\STM32_LAB1\LAB1\Core\Inc\stm32f1xx_it.h_save
2024-09-20 13:31:19,346 [INFO] CodeEngine:257 - Generated code: D:\VXL_241\STM32_LAB1\LAB1\Core\Inc\stm32f1xx_it.h
2024-09-20 13:31:19,356 [INFO] CodeEngine:239 - oldGeneratedFile, D:\VXL_241\STM32_LAB1\LAB1\Core\Src\stm32f1xx_hal_msp.c_save
2024-09-20 13:31:19,446 [INFO] CodeEngine:257 - Generated code: D:\VXL_241\STM32_LAB1\LAB1\Core\Src\stm32f1xx_hal_msp.c
2024-09-20 13:31:19,446 [INFO] CodeEngine:239 - oldGeneratedFile, D:\VXL_241\STM32_LAB1\LAB1\MXTmpFiles\system.tmp_save
2024-09-20 13:31:19,509 [INFO] CodeEngine:257 - Generated code: D:\VXL_241\STM32_LAB1\LAB1\MXTmpFiles\system.tmp
2024-09-20 13:31:19,515 [INFO] CodeEngine:239 - oldGeneratedFile, D:\VXL_241\STM32_LAB1\LAB1\Core\Inc\stm32f1xx_hal_conf.h_save
2024-09-20 13:31:19,605 [INFO] CodeEngine:257 - Generated code: D:\VXL_241\STM32_LAB1\LAB1\Core\Inc\stm32f1xx_hal_conf.h
2024-09-20 13:31:19,637 [INFO] CodeEngine:239 - oldGeneratedFile, D:\VXL_241\STM32_LAB1\LAB1\Core\Inc\main.h_save
2024-09-20 13:31:19,733 [INFO] CodeEngine:257 - Generated code: D:\VXL_241\STM32_LAB1\LAB1\Core\Inc\main.h
2024-09-20 13:31:19,745 [INFO] CodeEngine:239 - oldGeneratedFile, D:\VXL_241\STM32_LAB1\LAB1\Core\Src\main.c_save
2024-09-20 13:31:19,895 [INFO] CodeEngine:257 - Generated code: D:\VXL_241\STM32_LAB1\LAB1\Core\Src\main.c
2024-09-20 13:31:21,515 [INFO] ProjectBuilder:2578 - Time for Copy HAL[1] : 66mS.
2024-09-20 13:31:21,515 [INFO] ProjectBuilder:3622 - Project Generator version: 3.14.1
2024-09-20 13:31:22,116 [INFO] ConfigFileManager:1271 - The Die is : DIE412
2024-09-20 13:31:25,263 [INFO] ProjectBuilder:3789 - Time for Generating toolchain IDE Files: 3748mS.
2024-09-20 13:31:25,263 [INFO] ProjectBuilder:2457 - Time for Copy CMSIS : 0mS.
2024-09-20 13:31:25,266 [INFO] ProjectBuilder:2457 - Time for Copy CMSIS : 3mS.
